<?xml version="1.0" encoding="UTF-8"?>
<!-- Generated by org.testng.reporters.JUnitXMLReporter -->
<testsuite hostname="Lenovo-Don" failures="0" tests="3" name="Surefire test" time="6.91" errors="0" timestamp="9 Aug 2021 22:47:03 GMT">
  <testcase classname="twitterapitest.TwitterTests" name="createNewTweet" time="3.41"/>
  <testcase classname="twitterapitest.TwitterTests" name="deleteExistingTweet" time="1.129"/>
  <testcase classname="twitterapitest.TwitterTests" name="getRecentTweet" time="1.334"/>
</testsuite> <!-- Surefire test -->
