<?xml version="1.0" encoding="UTF-8"?>
<testsuite xmlns:xsi="http://www.w3.org/2001/XMLSchema-instance" xsi:noNamespaceSchemaLocation="https://maven.apache.org/surefire/maven-surefire-plugin/xsd/surefire-test-report-3.0.xsd" version="3.0" name="twitterapitest.TwitterTests" time="7.413" tests="3" errors="0" skipped="0" failures="0">
  <properties>
[...]
</properties>
  <testcase name="createNewTweet" classname="twitterapitest.TwitterTests" time="3.414"/>
  <testcase name="deleteExistingTweet" classname="twitterapitest.TwitterTests" time="1.124">
    <system-out><![CDATA[1424864826241818627
]]></system-out>
  </testcase>
  <testcase name="getRecentTweet" classname="twitterapitest.TwitterTests" time="1.328"/>
</testsuite>